0 info it worked if it ends with ok
1 verbose cli [ 'node',
1 verbose cli   '/usr/local/bin/npm',
1 verbose cli   'install',
1 verbose cli   '--save',
1 verbose cli   'object-assign' ]
2 info using npm@2.10.1
3 info using node@v0.12.4
4 verbose install initial load of /Users/sohamchetan/Documents/experiments/cordova-sample/package.json
5 warn package.json cordova-sample@1.0.0 No description
6 warn package.json cordova-sample@1.0.0 No repository field.
7 warn package.json cordova-sample@1.0.0 No README data
8 verbose installManyTop reading scoped package data from /Users/sohamchetan/Documents/experiments/cordova-sample/node_modules/babel-core/package.json
9 verbose installManyTop reading scoped package data from /Users/sohamchetan/Documents/experiments/cordova-sample/node_modules/babel-loader/package.json
10 verbose installManyTop reading scoped package data from /Users/sohamchetan/Documents/experiments/cordova-sample/node_modules/babelify/package.json
11 verbose installManyTop reading scoped package data from /Users/sohamchetan/Documents/experiments/cordova-sample/node_modules/browserify/package.json
12 verbose installManyTop reading scoped package data from /Users/sohamchetan/Documents/experiments/cordova-sample/node_modules/css-loader/package.json
13 verbose installManyTop reading scoped package data from /Users/sohamchetan/Documents/experiments/cordova-sample/node_modules/fbjs/package.json
14 verbose installManyTop reading scoped package data from /Users/sohamchetan/Documents/experiments/cordova-sample/node_modules/flux/package.json
15 verbose installManyTop reading scoped package data from /Users/sohamchetan/Documents/experiments/cordova-sample/node_modules/gulp/package.json
16 verbose installManyTop reading scoped package data from /Users/sohamchetan/Documents/experiments/cordova-sample/node_modules/gulp-sourcemaps/package.json
17 verbose installManyTop reading scoped package data from /Users/sohamchetan/Documents/experiments/cordova-sample/node_modules/gulp-uglify/package.json
18 verbose installManyTop reading scoped package data from /Users/sohamchetan/Documents/experiments/cordova-sample/node_modules/gulp-util/package.json
19 verbose installManyTop reading scoped package data from /Users/sohamchetan/Documents/experiments/cordova-sample/node_modules/gulp-watch/package.json
20 verbose installManyTop reading scoped package data from /Users/sohamchetan/Documents/experiments/cordova-sample/node_modules/history/package.json
21 verbose installManyTop reading scoped package data from /Users/sohamchetan/Documents/experiments/cordova-sample/node_modules/less/package.json
22 verbose installManyTop reading scoped package data from /Users/sohamchetan/Documents/experiments/cordova-sample/node_modules/less-loader/package.json
23 verbose installManyTop reading scoped package data from /Users/sohamchetan/Documents/experiments/cordova-sample/node_modules/material-ui/package.json
24 verbose installManyTop reading scoped package data from /Users/sohamchetan/Documents/experiments/cordova-sample/node_modules/react/package.json
25 verbose installManyTop reading scoped package data from /Users/sohamchetan/Documents/experiments/cordova-sample/node_modules/react-dom/package.json
26 verbose installManyTop reading scoped package data from /Users/sohamchetan/Documents/experiments/cordova-sample/node_modules/react-facebook-login/package.json
27 verbose installManyTop reading scoped package data from /Users/sohamchetan/Documents/experiments/cordova-sample/node_modules/react-router/package.json
28 verbose installManyTop reading scoped package data from /Users/sohamchetan/Documents/experiments/cordova-sample/node_modules/react-tap-event-plugin/package.json
29 verbose installManyTop reading scoped package data from /Users/sohamchetan/Documents/experiments/cordova-sample/node_modules/style-loader/package.json
30 verbose installManyTop reading scoped package data from /Users/sohamchetan/Documents/experiments/cordova-sample/node_modules/vinyl-buffer/package.json
31 verbose installManyTop reading scoped package data from /Users/sohamchetan/Documents/experiments/cordova-sample/node_modules/vinyl-source-stream/package.json
32 verbose installManyTop reading scoped package data from /Users/sohamchetan/Documents/experiments/cordova-sample/node_modules/webpack/package.json
33 info package.json less-loader@2.2.1 No license field.
34 info package.json react-tap-event-plugin@0.1.8 No license field.
35 verbose readDependencies loading dependencies from /Users/sohamchetan/Documents/experiments/cordova-sample/package.json
36 silly cache add args [ 'object-assign', null ]
37 verbose cache add spec object-assign
38 silly cache add parsed spec { raw: 'object-assign',
38 silly cache add   scope: null,
38 silly cache add   name: 'object-assign',
38 silly cache add   rawSpec: '',
38 silly cache add   spec: '*',
38 silly cache add   type: 'range' }
39 silly addNamed object-assign@*
40 verbose addNamed "*" is a valid semver range for object-assign
41 silly addNameRange { name: 'object-assign', range: '*', hasData: false }
42 silly mapToRegistry name object-assign
43 silly mapToRegistry using default registry
44 silly mapToRegistry registry https://registry.npmjs.org/
45 silly mapToRegistry uri https://registry.npmjs.org/object-assign
46 verbose addNameRange registry:https://registry.npmjs.org/object-assign not in flight; fetching
47 verbose request uri https://registry.npmjs.org/object-assign
48 verbose request no auth needed
49 info attempt registry request try #1 at 2:47:58 PM
50 verbose request using bearer token for auth
51 verbose request id 98ea103da6d383ff
52 verbose etag "637E3HK1HW04QPOIQATJZU8ID"
53 http request GET https://registry.npmjs.org/object-assign
54 http 200 https://registry.npmjs.org/object-assign
55 silly get cb [ 200,
55 silly get   { server: 'CouchDB/1.5.0 (Erlang OTP/R16B03)',
55 silly get     etag: '"9X5J81STMG1EY3P0PGJF4S0A2"',
55 silly get     'content-type': 'application/json',
55 silly get     'cache-control': 'max-age=60',
55 silly get     'content-length': '19881',
55 silly get     'accept-ranges': 'bytes',
55 silly get     date: 'Tue, 03 Nov 2015 09:18:00 GMT',
55 silly get     via: '1.1 varnish',
55 silly get     connection: 'keep-alive',
55 silly get     'x-served-by': 'cache-sin6923-SIN',
55 silly get     'x-cache': 'MISS',
55 silly get     'x-cache-hits': '0',
55 silly get     'x-timer': 'S1446542280.476351,VS0,VE433',
55 silly get     vary: 'Accept' } ]
56 verbose get saving object-assign to /Users/sohamchetan/.npm/registry.npmjs.org/object-assign/.cache.json
57 silly addNameRange number 2 { name: 'object-assign', range: '*', hasData: true }
58 silly addNameRange versions [ 'object-assign',
58 silly addNameRange   [ '0.1.0',
58 silly addNameRange     '0.1.1',
58 silly addNameRange     '0.1.2',
58 silly addNameRange     '0.2.0',
58 silly addNameRange     '0.2.1',
58 silly addNameRange     '0.2.2',
58 silly addNameRange     '0.3.0',
58 silly addNameRange     '0.3.1',
58 silly addNameRange     '0.4.0',
58 silly addNameRange     '1.0.0',
58 silly addNameRange     '2.0.0',
58 silly addNameRange     '3.0.0',
58 silly addNameRange     '2.1.1',
58 silly addNameRange     '4.0.0',
58 silly addNameRange     '4.0.1' ] ]
59 silly addNamed object-assign@4.0.1
60 verbose addNamed "4.0.1" is a plain semver version for object-assign
61 silly cache afterAdd object-assign@4.0.1
62 verbose afterAdd /Users/sohamchetan/.npm/object-assign/4.0.1/package/package.json not in flight; writing
63 verbose afterAdd /Users/sohamchetan/.npm/object-assign/4.0.1/package/package.json written
64 silly install resolved [ { name: 'object-assign',
64 silly install resolved     version: '4.0.1',
64 silly install resolved     description: 'ES6 Object.assign() ponyfill',
64 silly install resolved     license: 'MIT',
64 silly install resolved     repository:
64 silly install resolved      { type: 'git',
64 silly install resolved        url: 'git+https://github.com/sindresorhus/object-assign.git' },
64 silly install resolved     author:
64 silly install resolved      { name: 'Sindre Sorhus',
64 silly install resolved        email: 'sindresorhus@gmail.com',
64 silly install resolved        url: 'http://sindresorhus.com' },
64 silly install resolved     engines: { node: '>=0.10.0' },
64 silly install resolved     scripts: { test: 'xo && mocha', bench: 'matcha bench.js' },
64 silly install resolved     files: [ 'index.js' ],
64 silly install resolved     keywords:
64 silly install resolved      [ 'object',
64 silly install resolved        'assign',
64 silly install resolved        'extend',
64 silly install resolved        'properties',
64 silly install resolved        'es6',
64 silly install resolved        'ecmascript',
64 silly install resolved        'harmony',
64 silly install resolved        'ponyfill',
64 silly install resolved        'prollyfill',
64 silly install resolved        'polyfill',
64 silly install resolved        'shim',
64 silly install resolved        'browser' ],
64 silly install resolved     devDependencies: { lodash: '^3.10.1', matcha: '^0.6.0', mocha: '*', xo: '*' },
64 silly install resolved     xo: { envs: [Object] },
64 silly install resolved     readme: '# object-assign [![Build Status](https://travis-ci.org/sindresorhus/object-assign.svg?branch=master)](https://travis-ci.org/sindresorhus/object-assign)\n\n> ES6 [`Object.assign()`](http://www.2ality.com/2014/01/object-assign.html) ponyfill\n\n> Ponyfill: A polyfill that doesn\'t overwrite the native method\n\n\n## Install\n\n```sh\n$ npm install --save object-assign\n```\n\n\n## Usage\n\n```js\nvar objectAssign = require(\'object-assign\');\n\nobjectAssign({foo: 0}, {bar: 1});\n//=> {foo: 0, bar: 1}\n\n// multiple sources\nobjectAssign({foo: 0}, {bar: 1}, {baz: 2});\n//=> {foo: 0, bar: 1, baz: 2}\n\n// overwrites equal keys\nobjectAssign({foo: 0}, {foo: 1}, {foo: 2});\n//=> {foo: 2}\n\n// ignores null and undefined sources\nobjectAssign({foo: 0}, null, {bar: 1}, undefined);\n//=> {foo: 0, bar: 1}\n```\n\n\n## API\n\n### objectAssign(target, source, [source, ...])\n\nAssigns enumerable own properties of `source` objects to the `target` object and returns the `target` object. Additional `source` objects will overwrite previous ones.\n\n\n## Resources\n\n- [ES6 spec - Object.assign](https://people.mozilla.org/~jorendorff/es6-draft.html#sec-object.assign)\n\n\n## License\n\nMIT © [Sindre Sorhus](http://sindresorhus.com)\n',
64 silly install resolved     readmeFilename: 'readme.md',
64 silly install resolved     bugs: { url: 'https://github.com/sindresorhus/object-assign/issues' },
64 silly install resolved     homepage: 'https://github.com/sindresorhus/object-assign#readme',
64 silly install resolved     _id: 'object-assign@4.0.1',
64 silly install resolved     _shasum: '99504456c3598b5cad4fc59c26e8a9bb107fe0bd',
64 silly install resolved     _resolved: 'https://registry.npmjs.org/object-assign/-/object-assign-4.0.1.tgz',
64 silly install resolved     _from: 'object-assign@*' } ]
65 info install object-assign@4.0.1 into /Users/sohamchetan/Documents/experiments/cordova-sample
66 info installOne object-assign@4.0.1
67 verbose installOne of object-assign to /Users/sohamchetan/Documents/experiments/cordova-sample not in flight; installing
68 verbose lock using /Users/sohamchetan/.npm/_locks/object-assign-d3003c7d2f46babd.lock for /Users/sohamchetan/Documents/experiments/cordova-sample/node_modules/object-assign
69 silly install write writing object-assign 4.0.1 to /Users/sohamchetan/Documents/experiments/cordova-sample/node_modules/object-assign
70 verbose unbuild node_modules/object-assign
71 silly gentlyRm /Users/sohamchetan/Documents/experiments/cordova-sample/node_modules/object-assign is being purged from base /Users/sohamchetan/Documents/experiments/cordova-sample
72 verbose gentlyRm don't care about contents; nuking /Users/sohamchetan/Documents/experiments/cordova-sample/node_modules/object-assign
73 verbose tar unpack /Users/sohamchetan/.npm/object-assign/4.0.1/package.tgz
74 verbose tar unpacking to /Users/sohamchetan/Documents/experiments/cordova-sample/node_modules/object-assign
75 silly gentlyRm /Users/sohamchetan/Documents/experiments/cordova-sample/node_modules/object-assign is being purged
76 verbose gentlyRm don't care about contents; nuking /Users/sohamchetan/Documents/experiments/cordova-sample/node_modules/object-assign
77 silly gunzTarPerm modes [ '755', '644' ]
78 silly gunzTarPerm extractEntry package.json
79 silly gunzTarPerm extractEntry index.js
80 silly gunzTarPerm extractEntry license
81 silly gunzTarPerm extractEntry readme.md
82 verbose write writing to /Users/sohamchetan/Documents/experiments/cordova-sample/node_modules/object-assign/package.json
83 info preinstall object-assign@4.0.1
84 verbose readDependencies loading dependencies from /Users/sohamchetan/Documents/experiments/cordova-sample/node_modules/object-assign/package.json
85 verbose readDependencies loading dependencies from /Users/sohamchetan/Documents/experiments/cordova-sample/node_modules/object-assign/package.json
86 silly install resolved []
87 verbose about to build /Users/sohamchetan/Documents/experiments/cordova-sample/node_modules/object-assign
88 info build /Users/sohamchetan/Documents/experiments/cordova-sample/node_modules/object-assign
89 info linkStuff object-assign@4.0.1
90 silly linkStuff object-assign@4.0.1 has /Users/sohamchetan/Documents/experiments/cordova-sample/node_modules as its parent node_modules
91 verbose linkBins object-assign@4.0.1
92 verbose linkMans object-assign@4.0.1
93 verbose rebuildBundles object-assign@4.0.1
94 info install object-assign@4.0.1
95 info postinstall object-assign@4.0.1
96 verbose unlock done using /Users/sohamchetan/.npm/_locks/object-assign-d3003c7d2f46babd.lock for /Users/sohamchetan/Documents/experiments/cordova-sample/node_modules/object-assign
97 verbose validateInstall loading /Users/sohamchetan/Documents/experiments/cordova-sample/package.json for validation
98 verbose stack Error: The package react does not satisfy its siblings' peerDependencies requirements!
98 verbose stack     at /usr/local/lib/node_modules/npm/lib/install.js:125:32
98 verbose stack     at /usr/local/lib/node_modules/npm/lib/install.js:267:7
98 verbose stack     at /usr/local/lib/node_modules/npm/node_modules/read-installed/read-installed.js:138:5
98 verbose stack     at /usr/local/lib/node_modules/npm/node_modules/read-installed/read-installed.js:251:14
98 verbose stack     at cb (/usr/local/lib/node_modules/npm/node_modules/slide/lib/async-map.js:47:24)
98 verbose stack     at /usr/local/lib/node_modules/npm/node_modules/read-installed/read-installed.js:251:14
98 verbose stack     at cb (/usr/local/lib/node_modules/npm/node_modules/slide/lib/async-map.js:47:24)
98 verbose stack     at /usr/local/lib/node_modules/npm/node_modules/read-installed/read-installed.js:251:14
98 verbose stack     at cb (/usr/local/lib/node_modules/npm/node_modules/slide/lib/async-map.js:47:24)
98 verbose stack     at /usr/local/lib/node_modules/npm/node_modules/read-installed/read-installed.js:251:14
99 verbose cwd /Users/sohamchetan/Documents/experiments/cordova-sample
100 error Darwin 14.5.0
101 error argv "node" "/usr/local/bin/npm" "install" "--save" "object-assign"
102 error node v0.12.4
103 error npm  v2.10.1
104 error code EPEERINVALID
105 error peerinvalid The package react does not satisfy its siblings' peerDependencies requirements!
105 error peerinvalid Peer react-tap-event-plugin@0.1.8 wants react@^0.14.0-0 || ~0.13.x || ~0.12.x
105 error peerinvalid Peer material-ui@0.12.3 wants react@~0.13
106 verbose exit [ 1, true ]
